{"/Users/remiphilippot/Desktop/RemiPHILIPPOT_9_26032021-1/src/constants/routes.js": {"path":"/Users/remiphilippot/Desktop/RemiPHILIPPOT_9_26032021-1/src/constants/routes.js","statementMap":{"0":{"start":{"line":6,"column":27},"end":{"line":11,"column":1}},"1":{"start":{"line":13,"column":22},"end":{"line":26,"column":1}},"2":{"start":{"line":14,"column":2},"end":{"line":25,"column":3}},"3":{"start":{"line":16,"column":6},"end":{"line":16,"column":46}},"4":{"start":{"line":18,"column":6},"end":{"line":18,"column":46}},"5":{"start":{"line":20,"column":6},"end":{"line":20,"column":24}},"6":{"start":{"line":22,"column":6},"end":{"line":22,"column":50}},"7":{"start":{"line":24,"column":6},"end":{"line":24,"column":46}}},"fnMap":{"0":{"name":"(anonymous_0)","decl":{"start":{"line":13,"column":22},"end":{"line":13,"column":23}},"loc":{"start":{"line":13,"column":62},"end":{"line":26,"column":1}},"line":13}},"branchMap":{"0":{"loc":{"start":{"line":14,"column":2},"end":{"line":25,"column":3}},"type":"switch","locations":[{"start":{"line":15,"column":4},"end":{"line":16,"column":46}},{"start":{"line":17,"column":4},"end":{"line":18,"column":46}},{"start":{"line":19,"column":4},"end":{"line":20,"column":24}},{"start":{"line":21,"column":4},"end":{"line":22,"column":50}},{"start":{"line":23,"column":4},"end":{"line":24,"column":46}}],"line":14}},"s":{"0":6,"1":6,"2":22,"3":5,"4":7,"5":4,"6":5,"7":1},"f":{"0":22},"b":{"0":[5,7,4,5,1]},"_coverageSchema":"1a1c01bbd47fc00a2c39e90264f33305004495a9","hash":"6e880d4a70e5419cf05dab0e614aab12cf534295"}
,"/Users/remiphilippot/Desktop/RemiPHILIPPOT_9_26032021-1/src/constants/usersTest.js": {"path":"/Users/remiphilippot/Desktop/RemiPHILIPPOT_9_26032021-1/src/constants/usersTest.js","statementMap":{},"fnMap":{},"branchMap":{},"s":{},"f":{},"b":{},"_coverageSchema":"1a1c01bbd47fc00a2c39e90264f33305004495a9","hash":"7f7de39982367865d04b3d3ca27c7ffafdaf5356"}
,"/Users/remiphilippot/Desktop/RemiPHILIPPOT_9_26032021-1/src/containers/Bills.js": {"path":"/Users/remiphilippot/Desktop/RemiPHILIPPOT_9_26032021-1/src/containers/Bills.js","statementMap":{"0":{"start":{"line":7,"column":4},"end":{"line":7,"column":28}},"1":{"start":{"line":8,"column":4},"end":{"line":8,"column":32}},"2":{"start":{"line":9,"column":4},"end":{"line":9,"column":22}},"3":{"start":{"line":10,"column":26},"end":{"line":10,"column":86}},"4":{"start":{"line":11,"column":4},"end":{"line":11,"column":87}},"5":{"start":{"line":11,"column":23},"end":{"line":11,"column":87}},"6":{"start":{"line":12,"column":20},"end":{"line":12,"column":76}},"7":{"start":{"line":13,"column":4},"end":{"line":15,"column":6}},"8":{"start":{"line":13,"column":17},"end":{"line":15,"column":6}},"9":{"start":{"line":14,"column":6},"end":{"line":14,"column":74}},"10":{"start":{"line":14,"column":44},"end":{"line":14,"column":73}},"11":{"start":{"line":16,"column":4},"end":{"line":16,"column":54}},"12":{"start":{"line":19,"column":23},"end":{"line":21,"column":3}},"13":{"start":{"line":20,"column":4},"end":{"line":20,"column":43}},"14":{"start":{"line":23,"column":23},"end":{"line":28,"column":3}},"15":{"start":{"line":24,"column":20},"end":{"line":24,"column":54}},"16":{"start":{"line":25,"column":21},"end":{"line":25,"column":63}},"17":{"start":{"line":26,"column":4},"end":{"line":26,"column":157}},"18":{"start":{"line":27,"column":4},"end":{"line":27,"column":34}}},"fnMap":{"0":{"name":"(anonymous_0)","decl":{"start":{"line":6,"column":2},"end":{"line":6,"column":3}},"loc":{"start":{"line":6,"column":61},"end":{"line":17,"column":3}},"line":6},"1":{"name":"(anonymous_1)","decl":{"start":{"line":13,"column":33},"end":{"line":13,"column":34}},"loc":{"start":{"line":13,"column":41},"end":{"line":15,"column":5}},"line":13},"2":{"name":"(anonymous_2)","decl":{"start":{"line":14,"column":37},"end":{"line":14,"column":38}},"loc":{"start":{"line":14,"column":44},"end":{"line":14,"column":73}},"line":14},"3":{"name":"(anonymous_3)","decl":{"start":{"line":19,"column":23},"end":{"line":19,"column":24}},"loc":{"start":{"line":19,"column":28},"end":{"line":21,"column":3}},"line":19},"4":{"name":"(anonymous_4)","decl":{"start":{"line":23,"column":23},"end":{"line":23,"column":24}},"loc":{"start":{"line":23,"column":33},"end":{"line":28,"column":3}},"line":23}},"branchMap":{"0":{"loc":{"start":{"line":11,"column":4},"end":{"line":11,"column":87}},"type":"if","locations":[{"start":{"line":11,"column":4},"end":{"line":11,"column":87}},{"start":{"line":11,"column":4},"end":{"line":11,"column":87}}],"line":11},"1":{"loc":{"start":{"line":13,"column":4},"end":{"line":15,"column":6}},"type":"if","locations":[{"start":{"line":13,"column":4},"end":{"line":15,"column":6}},{"start":{"line":13,"column":4},"end":{"line":15,"column":6}}],"line":13}},"s":{"0":4,"1":4,"2":4,"3":4,"4":4,"5":2,"6":4,"7":4,"8":4,"9":8,"10":1,"11":4,"12":4,"13":2,"14":4,"15":2,"16":2,"17":2,"18":2},"f":{"0":4,"1":8,"2":1,"3":2,"4":2},"b":{"0":[2,2],"1":[4,0]},"_coverageSchema":"1a1c01bbd47fc00a2c39e90264f33305004495a9","hash":"ed9af0c164afc731df0032b05dc29cdbc2657f4d"}
,"/Users/remiphilippot/Desktop/RemiPHILIPPOT_9_26032021-1/src/containers/Dashboard.js": {"path":"/Users/remiphilippot/Desktop/RemiPHILIPPOT_9_26032021-1/src/containers/Dashboard.js","statementMap":{"0":{"start":{"line":8,"column":29},"end":{"line":26,"column":1}},"1":{"start":{"line":9,"column":2},"end":{"line":25,"column":11}},"2":{"start":{"line":14,"column":6},"end":{"line":22,"column":7}},"3":{"start":{"line":15,"column":8},"end":{"line":15,"column":50}},"4":{"start":{"line":18,"column":26},"end":{"line":18,"column":72}},"5":{"start":{"line":19,"column":8},"end":{"line":21,"column":58}},"6":{"start":{"line":24,"column":6},"end":{"line":24,"column":28}},"7":{"start":{"line":28,"column":20},"end":{"line":51,"column":1}},"8":{"start":{"line":29,"column":28},"end":{"line":29,"column":52}},"9":{"start":{"line":30,"column":20},"end":{"line":31,"column":40}},"10":{"start":{"line":32,"column":19},"end":{"line":33,"column":53}},"11":{"start":{"line":35,"column":2},"end":{"line":50,"column":4}},"12":{"start":{"line":53,"column":21},"end":{"line":55,"column":1}},"13":{"start":{"line":54,"column":2},"end":{"line":54,"column":76}},"14":{"start":{"line":54,"column":51},"end":{"line":54,"column":61}},"15":{"start":{"line":57,"column":25},"end":{"line":66,"column":1}},"16":{"start":{"line":58,"column":2},"end":{"line":65,"column":3}},"17":{"start":{"line":60,"column":6},"end":{"line":60,"column":22}},"18":{"start":{"line":62,"column":6},"end":{"line":62,"column":23}},"19":{"start":{"line":64,"column":6},"end":{"line":64,"column":22}},"20":{"start":{"line":70,"column":4},"end":{"line":70,"column":28}},"21":{"start":{"line":71,"column":4},"end":{"line":71,"column":32}},"22":{"start":{"line":72,"column":4},"end":{"line":72,"column":22}},"23":{"start":{"line":73,"column":4},"end":{"line":73,"column":71}},"24":{"start":{"line":73,"column":35},"end":{"line":73,"column":70}},"25":{"start":{"line":74,"column":4},"end":{"line":74,"column":71}},"26":{"start":{"line":74,"column":35},"end":{"line":74,"column":70}},"27":{"start":{"line":75,"column":4},"end":{"line":75,"column":71}},"28":{"start":{"line":75,"column":35},"end":{"line":75,"column":70}},"29":{"start":{"line":76,"column":4},"end":{"line":76,"column":27}},"30":{"start":{"line":77,"column":4},"end":{"line":77,"column":44}},"31":{"start":{"line":80,"column":23},"end":{"line":90,"column":3}},"32":{"start":{"line":81,"column":20},"end":{"line":81,"column":58}},"33":{"start":{"line":82,"column":4},"end":{"line":88,"column":5}},"34":{"start":{"line":83,"column":23},"end":{"line":83,"column":71}},"35":{"start":{"line":84,"column":4},"end":{"line":84,"column":134}},"36":{"start":{"line":87,"column":6},"end":{"line":87,"column":104}},"37":{"start":{"line":89,"column":4},"end":{"line":89,"column":96}},"38":{"start":{"line":89,"column":60},"end":{"line":89,"column":96}},"39":{"start":{"line":93,"column":4},"end":{"line":93,"column":75}},"40":{"start":{"line":93,"column":59},"end":{"line":93,"column":75}},"41":{"start":{"line":94,"column":4},"end":{"line":94,"column":71}},"42":{"start":{"line":94,"column":54},"end":{"line":94,"column":71}},"43":{"start":{"line":95,"column":4},"end":{"line":111,"column":5}},"44":{"start":{"line":96,"column":6},"end":{"line":98,"column":8}},"45":{"start":{"line":97,"column":8},"end":{"line":97,"column":61}},"46":{"start":{"line":99,"column":6},"end":{"line":99,"column":62}},"47":{"start":{"line":100,"column":6},"end":{"line":100,"column":69}},"48":{"start":{"line":101,"column":6},"end":{"line":101,"column":52}},"49":{"start":{"line":102,"column":6},"end":{"line":102,"column":21}},"50":{"start":{"line":104,"column":6},"end":{"line":104,"column":62}},"51":{"start":{"line":106,"column":6},"end":{"line":108,"column":8}},"52":{"start":{"line":109,"column":6},"end":{"line":109,"column":52}},"53":{"start":{"line":110,"column":6},"end":{"line":110,"column":21}},"54":{"start":{"line":112,"column":4},"end":{"line":112,"column":51}},"55":{"start":{"line":113,"column":4},"end":{"line":113,"column":72}},"56":{"start":{"line":113,"column":39},"end":{"line":113,"column":71}},"57":{"start":{"line":114,"column":4},"end":{"line":114,"column":72}},"58":{"start":{"line":114,"column":39},"end":{"line":114,"column":71}},"59":{"start":{"line":117,"column":23},"end":{"line":125,"column":3}},"60":{"start":{"line":118,"column":20},"end":{"line":122,"column":5}},"61":{"start":{"line":123,"column":4},"end":{"line":123,"column":28}},"62":{"start":{"line":124,"column":4},"end":{"line":124,"column":45}},"63":{"start":{"line":127,"column":23},"end":{"line":135,"column":3}},"64":{"start":{"line":128,"column":20},"end":{"line":132,"column":5}},"65":{"start":{"line":133,"column":4},"end":{"line":133,"column":28}},"66":{"start":{"line":134,"column":4},"end":{"line":134,"column":45}},"67":{"start":{"line":138,"column":4},"end":{"line":138,"column":76}},"68":{"start":{"line":138,"column":60},"end":{"line":138,"column":76}},"69":{"start":{"line":139,"column":4},"end":{"line":139,"column":76}},"70":{"start":{"line":139,"column":58},"end":{"line":139,"column":76}},"71":{"start":{"line":140,"column":4},"end":{"line":150,"column":5}},"72":{"start":{"line":141,"column":6},"end":{"line":141,"column":69}},"73":{"start":{"line":142,"column":6},"end":{"line":143,"column":65}},"74":{"start":{"line":144,"column":6},"end":{"line":144,"column":21}},"75":{"start":{"line":146,"column":6},"end":{"line":146,"column":70}},"76":{"start":{"line":147,"column":6},"end":{"line":148,"column":17}},"77":{"start":{"line":149,"column":6},"end":{"line":149,"column":21}},"78":{"start":{"line":152,"column":4},"end":{"line":154,"column":6}},"79":{"start":{"line":153,"column":6},"end":{"line":153,"column":96}},"80":{"start":{"line":153,"column":58},"end":{"line":153,"column":95}},"81":{"start":{"line":156,"column":4},"end":{"line":156,"column":16}},"82":{"start":{"line":161,"column":21},"end":{"line":178,"column":3}},"83":{"start":{"line":162,"column":4},"end":{"line":177,"column":5}},"84":{"start":{"line":163,"column":6},"end":{"line":176,"column":25}},"85":{"start":{"line":167,"column":22},"end":{"line":173,"column":11}},"86":{"start":{"line":168,"column":21},"end":{"line":173,"column":9}},"87":{"start":{"line":174,"column":8},"end":{"line":174,"column":20}},"88":{"start":{"line":181,"column":15},"end":{"line":189,"column":3}},"89":{"start":{"line":182,"column":4},"end":{"line":188,"column":5}},"90":{"start":{"line":183,"column":4},"end":{"line":187,"column":25}},"91":{"start":{"line":186,"column":20},"end":{"line":186,"column":24}}},"fnMap":{"0":{"name":"(anonymous_0)","decl":{"start":{"line":8,"column":29},"end":{"line":8,"column":30}},"loc":{"start":{"line":8,"column":47},"end":{"line":26,"column":1}},"line":8},"1":{"name":"(anonymous_1)","decl":{"start":{"line":10,"column":16},"end":{"line":10,"column":17}},"loc":{"start":{"line":10,"column":24},"end":{"line":25,"column":5}},"line":10},"2":{"name":"(anonymous_2)","decl":{"start":{"line":28,"column":20},"end":{"line":28,"column":21}},"loc":{"start":{"line":28,"column":30},"end":{"line":51,"column":1}},"line":28},"3":{"name":"(anonymous_3)","decl":{"start":{"line":53,"column":21},"end":{"line":53,"column":22}},"loc":{"start":{"line":53,"column":32},"end":{"line":55,"column":1}},"line":53},"4":{"name":"(anonymous_4)","decl":{"start":{"line":54,"column":43},"end":{"line":54,"column":44}},"loc":{"start":{"line":54,"column":51},"end":{"line":54,"column":61}},"line":54},"5":{"name":"(anonymous_5)","decl":{"start":{"line":57,"column":25},"end":{"line":57,"column":26}},"loc":{"start":{"line":57,"column":36},"end":{"line":66,"column":1}},"line":57},"6":{"name":"(anonymous_6)","decl":{"start":{"line":69,"column":2},"end":{"line":69,"column":3}},"loc":{"start":{"line":69,"column":68},"end":{"line":78,"column":3}},"line":69},"7":{"name":"(anonymous_7)","decl":{"start":{"line":73,"column":28},"end":{"line":73,"column":29}},"loc":{"start":{"line":73,"column":35},"end":{"line":73,"column":70}},"line":73},"8":{"name":"(anonymous_8)","decl":{"start":{"line":74,"column":28},"end":{"line":74,"column":29}},"loc":{"start":{"line":74,"column":35},"end":{"line":74,"column":70}},"line":74},"9":{"name":"(anonymous_9)","decl":{"start":{"line":75,"column":28},"end":{"line":75,"column":29}},"loc":{"start":{"line":75,"column":35},"end":{"line":75,"column":70}},"line":75},"10":{"name":"(anonymous_10)","decl":{"start":{"line":80,"column":23},"end":{"line":80,"column":24}},"loc":{"start":{"line":80,"column":29},"end":{"line":90,"column":3}},"line":80},"11":{"name":"(anonymous_11)","decl":{"start":{"line":92,"column":2},"end":{"line":92,"column":3}},"loc":{"start":{"line":92,"column":35},"end":{"line":115,"column":3}},"line":92},"12":{"name":"(anonymous_12)","decl":{"start":{"line":96,"column":20},"end":{"line":96,"column":21}},"loc":{"start":{"line":96,"column":25},"end":{"line":98,"column":7}},"line":96},"13":{"name":"(anonymous_13)","decl":{"start":{"line":113,"column":32},"end":{"line":113,"column":33}},"loc":{"start":{"line":113,"column":39},"end":{"line":113,"column":71}},"line":113},"14":{"name":"(anonymous_14)","decl":{"start":{"line":114,"column":32},"end":{"line":114,"column":33}},"loc":{"start":{"line":114,"column":39},"end":{"line":114,"column":71}},"line":114},"15":{"name":"(anonymous_15)","decl":{"start":{"line":117,"column":23},"end":{"line":117,"column":24}},"loc":{"start":{"line":117,"column":36},"end":{"line":125,"column":3}},"line":117},"16":{"name":"(anonymous_16)","decl":{"start":{"line":127,"column":23},"end":{"line":127,"column":24}},"loc":{"start":{"line":127,"column":36},"end":{"line":135,"column":3}},"line":127},"17":{"name":"(anonymous_17)","decl":{"start":{"line":137,"column":2},"end":{"line":137,"column":3}},"loc":{"start":{"line":137,"column":37},"end":{"line":158,"column":3}},"line":137},"18":{"name":"(anonymous_18)","decl":{"start":{"line":152,"column":18},"end":{"line":152,"column":19}},"loc":{"start":{"line":152,"column":26},"end":{"line":154,"column":5}},"line":152},"19":{"name":"(anonymous_19)","decl":{"start":{"line":153,"column":51},"end":{"line":153,"column":52}},"loc":{"start":{"line":153,"column":58},"end":{"line":153,"column":95}},"line":153},"20":{"name":"(anonymous_20)","decl":{"start":{"line":161,"column":21},"end":{"line":161,"column":22}},"loc":{"start":{"line":161,"column":27},"end":{"line":178,"column":3}},"line":161},"21":{"name":"(anonymous_21)","decl":{"start":{"line":166,"column":12},"end":{"line":166,"column":13}},"loc":{"start":{"line":166,"column":24},"end":{"line":175,"column":7}},"line":166},"22":{"name":"(anonymous_22)","decl":{"start":{"line":168,"column":13},"end":{"line":168,"column":14}},"loc":{"start":{"line":168,"column":21},"end":{"line":173,"column":9}},"line":168},"23":{"name":"(anonymous_23)","decl":{"start":{"line":181,"column":15},"end":{"line":181,"column":16}},"loc":{"start":{"line":181,"column":25},"end":{"line":189,"column":3}},"line":181},"24":{"name":"(anonymous_24)","decl":{"start":{"line":186,"column":12},"end":{"line":186,"column":13}},"loc":{"start":{"line":186,"column":20},"end":{"line":186,"column":24}},"line":186}},"branchMap":{"0":{"loc":{"start":{"line":9,"column":9},"end":{"line":25,"column":11}},"type":"cond-expr","locations":[{"start":{"line":10,"column":4},"end":{"line":25,"column":6}},{"start":{"line":25,"column":9},"end":{"line":25,"column":11}}],"line":9},"1":{"loc":{"start":{"line":9,"column":10},"end":{"line":9,"column":29}},"type":"binary-expr","locations":[{"start":{"line":9,"column":10},"end":{"line":9,"column":14}},{"start":{"line":9,"column":18},"end":{"line":9,"column":29}}],"line":9},"2":{"loc":{"start":{"line":14,"column":6},"end":{"line":22,"column":7}},"type":"if","locations":[{"start":{"line":14,"column":6},"end":{"line":22,"column":7}},{"start":{"line":14,"column":6},"end":{"line":22,"column":7}}],"line":14},"3":{"loc":{"start":{"line":20,"column":10},"end":{"line":21,"column":58}},"type":"binary-expr","locations":[{"start":{"line":20,"column":11},"end":{"line":20,"column":33}},{"start":{"line":21,"column":10},"end":{"line":21,"column":58}}],"line":20},"4":{"loc":{"start":{"line":30,"column":20},"end":{"line":31,"column":40}},"type":"cond-expr","locations":[{"start":{"line":31,"column":4},"end":{"line":31,"column":35}},{"start":{"line":31,"column":38},"end":{"line":31,"column":40}}],"line":30},"5":{"loc":{"start":{"line":32,"column":19},"end":{"line":33,"column":53}},"type":"cond-expr","locations":[{"start":{"line":33,"column":2},"end":{"line":33,"column":33}},{"start":{"line":33,"column":36},"end":{"line":33,"column":53}}],"line":32},"6":{"loc":{"start":{"line":54,"column":9},"end":{"line":54,"column":76}},"type":"cond-expr","locations":[{"start":{"line":54,"column":33},"end":{"line":54,"column":71}},{"start":{"line":54,"column":74},"end":{"line":54,"column":76}}],"line":54},"7":{"loc":{"start":{"line":54,"column":9},"end":{"line":54,"column":30}},"type":"binary-expr","locations":[{"start":{"line":54,"column":9},"end":{"line":54,"column":14}},{"start":{"line":54,"column":18},"end":{"line":54,"column":30}}],"line":54},"8":{"loc":{"start":{"line":58,"column":2},"end":{"line":65,"column":3}},"type":"switch","locations":[{"start":{"line":59,"column":4},"end":{"line":60,"column":22}},{"start":{"line":61,"column":4},"end":{"line":62,"column":23}},{"start":{"line":63,"column":4},"end":{"line":64,"column":22}}],"line":58},"9":{"loc":{"start":{"line":82,"column":4},"end":{"line":88,"column":5}},"type":"if","locations":[{"start":{"line":82,"column":4},"end":{"line":88,"column":5}},{"start":{"line":82,"column":4},"end":{"line":88,"column":5}}],"line":82},"10":{"loc":{"start":{"line":89,"column":4},"end":{"line":89,"column":96}},"type":"if","locations":[{"start":{"line":89,"column":4},"end":{"line":89,"column":96}},{"start":{"line":89,"column":4},"end":{"line":89,"column":96}}],"line":89},"11":{"loc":{"start":{"line":93,"column":4},"end":{"line":93,"column":75}},"type":"if","locations":[{"start":{"line":93,"column":4},"end":{"line":93,"column":75}},{"start":{"line":93,"column":4},"end":{"line":93,"column":75}}],"line":93},"12":{"loc":{"start":{"line":93,"column":8},"end":{"line":93,"column":57}},"type":"binary-expr","locations":[{"start":{"line":93,"column":8},"end":{"line":93,"column":34}},{"start":{"line":93,"column":38},"end":{"line":93,"column":57}}],"line":93},"13":{"loc":{"start":{"line":94,"column":4},"end":{"line":94,"column":71}},"type":"if","locations":[{"start":{"line":94,"column":4},"end":{"line":94,"column":71}},{"start":{"line":94,"column":4},"end":{"line":94,"column":71}}],"line":94},"14":{"loc":{"start":{"line":94,"column":8},"end":{"line":94,"column":52}},"type":"binary-expr","locations":[{"start":{"line":94,"column":8},"end":{"line":94,"column":29}},{"start":{"line":94,"column":33},"end":{"line":94,"column":52}}],"line":94},"15":{"loc":{"start":{"line":95,"column":4},"end":{"line":111,"column":5}},"type":"if","locations":[{"start":{"line":95,"column":4},"end":{"line":111,"column":5}},{"start":{"line":95,"column":4},"end":{"line":111,"column":5}}],"line":95},"16":{"loc":{"start":{"line":138,"column":4},"end":{"line":138,"column":76}},"type":"if","locations":[{"start":{"line":138,"column":4},"end":{"line":138,"column":76}},{"start":{"line":138,"column":4},"end":{"line":138,"column":76}}],"line":138},"17":{"loc":{"start":{"line":138,"column":8},"end":{"line":138,"column":58}},"type":"binary-expr","locations":[{"start":{"line":138,"column":8},"end":{"line":138,"column":34}},{"start":{"line":138,"column":38},"end":{"line":138,"column":58}}],"line":138},"18":{"loc":{"start":{"line":139,"column":4},"end":{"line":139,"column":76}},"type":"if","locations":[{"start":{"line":139,"column":4},"end":{"line":139,"column":76}},{"start":{"line":139,"column":4},"end":{"line":139,"column":76}}],"line":139},"19":{"loc":{"start":{"line":139,"column":8},"end":{"line":139,"column":56}},"type":"binary-expr","locations":[{"start":{"line":139,"column":8},"end":{"line":139,"column":32}},{"start":{"line":139,"column":36},"end":{"line":139,"column":56}}],"line":139},"20":{"loc":{"start":{"line":140,"column":4},"end":{"line":150,"column":5}},"type":"if","locations":[{"start":{"line":140,"column":4},"end":{"line":150,"column":5}},{"start":{"line":140,"column":4},"end":{"line":150,"column":5}}],"line":140},"21":{"loc":{"start":{"line":162,"column":4},"end":{"line":177,"column":5}},"type":"if","locations":[{"start":{"line":162,"column":4},"end":{"line":177,"column":5}},{"start":{"line":162,"column":4},"end":{"line":177,"column":5}}],"line":162},"22":{"loc":{"start":{"line":182,"column":4},"end":{"line":188,"column":5}},"type":"if","locations":[{"start":{"line":182,"column":4},"end":{"line":188,"column":5}},{"start":{"line":182,"column":4},"end":{"line":188,"column":5}}],"line":182}},"s":{"0":6,"1":27,"2":24,"3":24,"4":0,"5":0,"6":24,"7":6,"8":8,"9":8,"10":8,"11":8,"12":6,"13":5,"14":8,"15":6,"16":3,"17":1,"18":1,"19":1,"20":5,"21":5,"22":5,"23":5,"24":0,"25":5,"26":0,"27":5,"28":0,"29":5,"30":5,"31":5,"32":1,"33":1,"34":1,"35":1,"36":0,"37":1,"38":0,"39":2,"40":1,"41":2,"42":1,"43":2,"44":1,"45":4,"46":1,"47":1,"48":1,"49":1,"50":1,"51":1,"52":1,"53":1,"54":2,"55":2,"56":0,"57":2,"58":0,"59":5,"60":1,"61":1,"62":1,"63":5,"64":1,"65":1,"66":1,"67":4,"68":3,"69":4,"70":3,"71":4,"72":3,"73":3,"74":3,"75":1,"76":1,"77":1,"78":4,"79":16,"80":0,"81":4,"82":5,"83":5,"84":0,"85":0,"86":0,"87":0,"88":5,"89":2,"90":0,"91":0},"f":{"0":27,"1":24,"2":8,"3":5,"4":8,"5":3,"6":5,"7":0,"8":0,"9":0,"10":1,"11":2,"12":4,"13":0,"14":0,"15":1,"16":1,"17":4,"18":16,"19":0,"20":5,"21":0,"22":0,"23":2,"24":0},"b":{"0":[6,21],"1":[27,6],"2":[24,0],"3":[0,0],"4":[0,8],"5":[0,8],"6":[4,1],"7":[5,5],"8":[1,1,1],"9":[1,0],"10":[0,1],"11":[1,1],"12":[2,1],"13":[1,1],"14":[2,1],"15":[1,1],"16":[3,1],"17":[4,3],"18":[3,1],"19":[4,3],"20":[3,1],"21":[0,5],"22":[0,2]},"_coverageSchema":"1a1c01bbd47fc00a2c39e90264f33305004495a9","hash":"9bb2cf36ec6bde733185dde93e8a56bc0153989c"}
,"/Users/remiphilippot/Desktop/RemiPHILIPPOT_9_26032021-1/src/containers/Login.js": {"path":"/Users/remiphilippot/Desktop/RemiPHILIPPOT_9_26032021-1/src/containers/Login.js","statementMap":{"0":{"start":{"line":3,"column":31},"end":{"line":3,"column":33}},"1":{"start":{"line":8,"column":4},"end":{"line":8,"column":28}},"2":{"start":{"line":9,"column":4},"end":{"line":9,"column":36}},"3":{"start":{"line":10,"column":4},"end":{"line":10,"column":32}},"4":{"start":{"line":11,"column":4},"end":{"line":11,"column":46}},"5":{"start":{"line":12,"column":4},"end":{"line":12,"column":22}},"6":{"start":{"line":13,"column":25},"end":{"line":13,"column":89}},"7":{"start":{"line":14,"column":4},"end":{"line":14,"column":70}},"8":{"start":{"line":15,"column":22},"end":{"line":15,"column":83}},"9":{"start":{"line":16,"column":4},"end":{"line":16,"column":64}},"10":{"start":{"line":18,"column":25},"end":{"line":38,"column":3}},"11":{"start":{"line":19,"column":4},"end":{"line":19,"column":22}},"12":{"start":{"line":20,"column":17},"end":{"line":25,"column":5}},"13":{"start":{"line":26,"column":4},"end":{"line":26,"column":59}},"14":{"start":{"line":27,"column":4},"end":{"line":36,"column":8}},"15":{"start":{"line":29,"column":17},"end":{"line":29,"column":38}},"16":{"start":{"line":32,"column":8},"end":{"line":32,"column":45}},"17":{"start":{"line":33,"column":8},"end":{"line":33,"column":53}},"18":{"start":{"line":34,"column":8},"end":{"line":34,"column":50}},"19":{"start":{"line":35,"column":8},"end":{"line":35,"column":55}},"20":{"start":{"line":40,"column":22},"end":{"line":59,"column":3}},"21":{"start":{"line":41,"column":4},"end":{"line":41,"column":22}},"22":{"start":{"line":42,"column":17},"end":{"line":47,"column":5}},"23":{"start":{"line":48,"column":4},"end":{"line":48,"column":59}},"24":{"start":{"line":49,"column":4},"end":{"line":58,"column":8}},"25":{"start":{"line":51,"column":17},"end":{"line":51,"column":38}},"26":{"start":{"line":54,"column":8},"end":{"line":54,"column":49}},"27":{"start":{"line":55,"column":8},"end":{"line":55,"column":57}},"28":{"start":{"line":56,"column":8},"end":{"line":56,"column":50}},"29":{"start":{"line":57,"column":8},"end":{"line":57,"column":50}},"30":{"start":{"line":62,"column":10},"end":{"line":74,"column":3}},"31":{"start":{"line":63,"column":4},"end":{"line":73,"column":5}},"32":{"start":{"line":64,"column":6},"end":{"line":70,"column":8}},"33":{"start":{"line":69,"column":8},"end":{"line":69,"column":40}},"34":{"start":{"line":72,"column":6},"end":{"line":72,"column":17}},"35":{"start":{"line":77,"column":15},"end":{"line":94,"column":3}},"36":{"start":{"line":78,"column":4},"end":{"line":93,"column":5}},"37":{"start":{"line":79,"column":6},"end":{"line":90,"column":8}},"38":{"start":{"line":88,"column":8},"end":{"line":88,"column":57}},"39":{"start":{"line":89,"column":8},"end":{"line":89,"column":31}},"40":{"start":{"line":92,"column":6},"end":{"line":92,"column":17}}},"fnMap":{"0":{"name":"(anonymous_0)","decl":{"start":{"line":7,"column":2},"end":{"line":7,"column":3}},"loc":{"start":{"line":7,"column":80},"end":{"line":17,"column":3}},"line":7},"1":{"name":"(anonymous_1)","decl":{"start":{"line":18,"column":25},"end":{"line":18,"column":26}},"loc":{"start":{"line":18,"column":30},"end":{"line":38,"column":3}},"line":18},"2":{"name":"(anonymous_2)","decl":{"start":{"line":29,"column":8},"end":{"line":29,"column":9}},"loc":{"start":{"line":29,"column":17},"end":{"line":29,"column":38}},"line":29},"3":{"name":"(anonymous_3)","decl":{"start":{"line":31,"column":12},"end":{"line":31,"column":13}},"loc":{"start":{"line":31,"column":18},"end":{"line":36,"column":7}},"line":31},"4":{"name":"(anonymous_4)","decl":{"start":{"line":40,"column":22},"end":{"line":40,"column":23}},"loc":{"start":{"line":40,"column":27},"end":{"line":59,"column":3}},"line":40},"5":{"name":"(anonymous_5)","decl":{"start":{"line":51,"column":8},"end":{"line":51,"column":9}},"loc":{"start":{"line":51,"column":17},"end":{"line":51,"column":38}},"line":51},"6":{"name":"(anonymous_6)","decl":{"start":{"line":53,"column":12},"end":{"line":53,"column":13}},"loc":{"start":{"line":53,"column":18},"end":{"line":58,"column":7}},"line":53},"7":{"name":"(anonymous_7)","decl":{"start":{"line":62,"column":10},"end":{"line":62,"column":11}},"loc":{"start":{"line":62,"column":20},"end":{"line":74,"column":3}},"line":62},"8":{"name":"(anonymous_8)","decl":{"start":{"line":68,"column":15},"end":{"line":68,"column":16}},"loc":{"start":{"line":68,"column":26},"end":{"line":70,"column":7}},"line":68},"9":{"name":"(anonymous_9)","decl":{"start":{"line":77,"column":15},"end":{"line":77,"column":16}},"loc":{"start":{"line":77,"column":25},"end":{"line":94,"column":3}},"line":77},"10":{"name":"(anonymous_10)","decl":{"start":{"line":87,"column":12},"end":{"line":87,"column":13}},"loc":{"start":{"line":87,"column":18},"end":{"line":90,"column":7}},"line":87}},"branchMap":{"0":{"loc":{"start":{"line":63,"column":4},"end":{"line":73,"column":5}},"type":"if","locations":[{"start":{"line":63,"column":4},"end":{"line":73,"column":5}},{"start":{"line":63,"column":4},"end":{"line":73,"column":5}}],"line":63},"1":{"loc":{"start":{"line":78,"column":4},"end":{"line":93,"column":5}},"type":"if","locations":[{"start":{"line":78,"column":4},"end":{"line":93,"column":5}},{"start":{"line":78,"column":4},"end":{"line":93,"column":5}}],"line":78}},"s":{"0":3,"1":2,"2":2,"3":2,"4":2,"5":2,"6":2,"7":2,"8":2,"9":2,"10":2,"11":2,"12":2,"13":2,"14":2,"15":0,"16":2,"17":2,"18":2,"19":2,"20":2,"21":2,"22":2,"23":2,"24":2,"25":0,"26":2,"27":2,"28":2,"29":2,"30":2,"31":0,"32":0,"33":0,"34":0,"35":2,"36":0,"37":0,"38":0,"39":0,"40":0},"f":{"0":2,"1":2,"2":0,"3":2,"4":2,"5":0,"6":2,"7":0,"8":0,"9":0,"10":0},"b":{"0":[0,0],"1":[0,0]},"_coverageSchema":"1a1c01bbd47fc00a2c39e90264f33305004495a9","hash":"064525ae8be8005a3987f40a5b3a0c8d3ace0163"}
,"/Users/remiphilippot/Desktop/RemiPHILIPPOT_9_26032021-1/src/containers/Logout.js": {"path":"/Users/remiphilippot/Desktop/RemiPHILIPPOT_9_26032021-1/src/containers/Logout.js","statementMap":{"0":{"start":{"line":5,"column":4},"end":{"line":5,"column":28}},"1":{"start":{"line":6,"column":4},"end":{"line":6,"column":32}},"2":{"start":{"line":7,"column":4},"end":{"line":7,"column":36}},"3":{"start":{"line":8,"column":4},"end":{"line":8,"column":51}},"4":{"start":{"line":11,"column":16},"end":{"line":14,"column":3}},"5":{"start":{"line":12,"column":4},"end":{"line":12,"column":29}},"6":{"start":{"line":13,"column":4},"end":{"line":13,"column":41}}},"fnMap":{"0":{"name":"(anonymous_0)","decl":{"start":{"line":4,"column":2},"end":{"line":4,"column":3}},"loc":{"start":{"line":4,"column":54},"end":{"line":9,"column":3}},"line":4},"1":{"name":"(anonymous_1)","decl":{"start":{"line":11,"column":16},"end":{"line":11,"column":17}},"loc":{"start":{"line":11,"column":23},"end":{"line":14,"column":3}},"line":11}},"branchMap":{},"s":{"0":15,"1":15,"2":15,"3":15,"4":15,"5":2,"6":2},"f":{"0":15,"1":2},"b":{},"_coverageSchema":"1a1c01bbd47fc00a2c39e90264f33305004495a9","hash":"acc0298e83ba6ec7487485ad94d1e9d928c1ed0e"}
,"/Users/remiphilippot/Desktop/RemiPHILIPPOT_9_26032021-1/src/containers/NewBill.js": {"path":"/Users/remiphilippot/Desktop/RemiPHILIPPOT_9_26032021-1/src/containers/NewBill.js","statementMap":{"0":{"start":{"line":6,"column":4},"end":{"line":6,"column":28}},"1":{"start":{"line":7,"column":4},"end":{"line":7,"column":32}},"2":{"start":{"line":8,"column":4},"end":{"line":8,"column":22}},"3":{"start":{"line":9,"column":24},"end":{"line":9,"column":88}},"4":{"start":{"line":10,"column":4},"end":{"line":10,"column":61}},"5":{"start":{"line":11,"column":17},"end":{"line":11,"column":73}},"6":{"start":{"line":12,"column":4},"end":{"line":12,"column":58}},"7":{"start":{"line":13,"column":4},"end":{"line":13,"column":23}},"8":{"start":{"line":14,"column":4},"end":{"line":14,"column":24}},"9":{"start":{"line":15,"column":4},"end":{"line":15,"column":22}},"10":{"start":{"line":16,"column":4},"end":{"line":16,"column":54}},"11":{"start":{"line":18,"column":21},"end":{"line":42,"column":3}},"12":{"start":{"line":19,"column":4},"end":{"line":19,"column":22}},"13":{"start":{"line":20,"column":17},"end":{"line":20,"column":82}},"14":{"start":{"line":21,"column":21},"end":{"line":21,"column":48}},"15":{"start":{"line":22,"column":21},"end":{"line":22,"column":48}},"16":{"start":{"line":23,"column":21},"end":{"line":23,"column":35}},"17":{"start":{"line":24,"column":18},"end":{"line":24,"column":64}},"18":{"start":{"line":25,"column":4},"end":{"line":25,"column":33}},"19":{"start":{"line":26,"column":4},"end":{"line":26,"column":35}},"20":{"start":{"line":28,"column":4},"end":{"line":41,"column":45}},"21":{"start":{"line":37,"column":8},"end":{"line":37,"column":28}},"22":{"start":{"line":38,"column":8},"end":{"line":38,"column":25}},"23":{"start":{"line":39,"column":8},"end":{"line":39,"column":30}},"24":{"start":{"line":40,"column":8},"end":{"line":40,"column":32}},"25":{"start":{"line":41,"column":24},"end":{"line":41,"column":44}},"26":{"start":{"line":43,"column":17},"end":{"line":62,"column":3}},"27":{"start":{"line":44,"column":4},"end":{"line":44,"column":22}},"28":{"start":{"line":45,"column":4},"end":{"line":45,"column":147}},"29":{"start":{"line":46,"column":18},"end":{"line":46,"column":64}},"30":{"start":{"line":47,"column":17},"end":{"line":59,"column":5}},"31":{"start":{"line":60,"column":4},"end":{"line":60,"column":25}},"32":{"start":{"line":61,"column":4},"end":{"line":61,"column":41}}},"fnMap":{"0":{"name":"(anonymous_0)","decl":{"start":{"line":5,"column":2},"end":{"line":5,"column":3}},"loc":{"start":{"line":5,"column":61},"end":{"line":17,"column":3}},"line":5},"1":{"name":"(anonymous_1)","decl":{"start":{"line":18,"column":21},"end":{"line":18,"column":22}},"loc":{"start":{"line":18,"column":26},"end":{"line":42,"column":3}},"line":18},"2":{"name":"(anonymous_2)","decl":{"start":{"line":36,"column":12},"end":{"line":36,"column":13}},"loc":{"start":{"line":36,"column":32},"end":{"line":41,"column":7}},"line":36},"3":{"name":"(anonymous_3)","decl":{"start":{"line":41,"column":15},"end":{"line":41,"column":16}},"loc":{"start":{"line":41,"column":24},"end":{"line":41,"column":44}},"line":41},"4":{"name":"(anonymous_4)","decl":{"start":{"line":43,"column":17},"end":{"line":43,"column":18}},"loc":{"start":{"line":43,"column":22},"end":{"line":62,"column":3}},"line":43}},"branchMap":{"0":{"loc":{"start":{"line":54,"column":11},"end":{"line":54,"column":83}},"type":"binary-expr","locations":[{"start":{"line":54,"column":11},"end":{"line":54,"column":77}},{"start":{"line":54,"column":81},"end":{"line":54,"column":83}}],"line":54}},"s":{"0":5,"1":5,"2":5,"3":5,"4":5,"5":5,"6":5,"7":5,"8":5,"9":5,"10":5,"11":5,"12":2,"13":2,"14":2,"15":2,"16":2,"17":2,"18":2,"19":2,"20":2,"21":0,"22":0,"23":0,"24":0,"25":0,"26":5,"27":1,"28":1,"29":1,"30":1,"31":1,"32":1},"f":{"0":5,"1":2,"2":0,"3":0,"4":1},"b":{"0":[1,0]},"_coverageSchema":"1a1c01bbd47fc00a2c39e90264f33305004495a9","hash":"98956961aff75aeb59ed493ba4a7106277ea63f9"}
,"/Users/remiphilippot/Desktop/RemiPHILIPPOT_9_26032021-1/src/views/Actions.js": {"path":"/Users/remiphilippot/Desktop/RemiPHILIPPOT_9_26032021-1/src/views/Actions.js","statementMap":{"0":{"start":{"line":5,"column":2},"end":{"line":11,"column":3}}},"fnMap":{"0":{"name":"(anonymous_0)","decl":{"start":{"line":4,"column":15},"end":{"line":4,"column":16}},"loc":{"start":{"line":4,"column":28},"end":{"line":12,"column":1}},"line":4}},"branchMap":{},"s":{"0":14},"f":{"0":14},"b":{},"_coverageSchema":"1a1c01bbd47fc00a2c39e90264f33305004495a9","hash":"fbb22051c8dd012f5df582ac27c75744613be4fa"}
,"/Users/remiphilippot/Desktop/RemiPHILIPPOT_9_26032021-1/src/views/BillsUI.js": {"path":"/Users/remiphilippot/Desktop/RemiPHILIPPOT_9_26032021-1/src/views/BillsUI.js","statementMap":{"0":{"start":{"line":7,"column":12},"end":{"line":20,"column":3}},"1":{"start":{"line":8,"column":2},"end":{"line":19,"column":6}},"2":{"start":{"line":22,"column":15},"end":{"line":31,"column":3}},"3":{"start":{"line":23,"column":4},"end":{"line":28,"column":5}},"4":{"start":{"line":24,"column":6},"end":{"line":26,"column":9}},"5":{"start":{"line":25,"column":8},"end":{"line":25,"column":53}},"6":{"start":{"line":27,"column":8},"end":{"line":27,"column":52}},"7":{"start":{"line":27,"column":32},"end":{"line":27,"column":41}},"8":{"start":{"line":29,"column":4},"end":{"line":29,"column":14}},"9":{"start":{"line":35,"column":16},"end":{"line":50,"column":4}},"10":{"start":{"line":35,"column":23},"end":{"line":50,"column":3}},"11":{"start":{"line":52,"column":2},"end":{"line":56,"column":3}},"12":{"start":{"line":53,"column":4},"end":{"line":53,"column":24}},"13":{"start":{"line":54,"column":9},"end":{"line":56,"column":3}},"14":{"start":{"line":55,"column":4},"end":{"line":55,"column":27}},"15":{"start":{"line":58,"column":2},"end":{"line":86,"column":3}}},"fnMap":{"0":{"name":"(anonymous_0)","decl":{"start":{"line":7,"column":12},"end":{"line":7,"column":13}},"loc":{"start":{"line":7,"column":22},"end":{"line":20,"column":3}},"line":7},"1":{"name":"(anonymous_1)","decl":{"start":{"line":22,"column":15},"end":{"line":22,"column":16}},"loc":{"start":{"line":22,"column":25},"end":{"line":31,"column":3}},"line":22},"2":{"name":"(anonymous_2)","decl":{"start":{"line":24,"column":16},"end":{"line":24,"column":17}},"loc":{"start":{"line":24,"column":31},"end":{"line":26,"column":7}},"line":24},"3":{"name":"(anonymous_3)","decl":{"start":{"line":27,"column":24},"end":{"line":27,"column":25}},"loc":{"start":{"line":27,"column":32},"end":{"line":27,"column":41}},"line":27},"4":{"name":"(anonymous_4)","decl":{"start":{"line":33,"column":15},"end":{"line":33,"column":16}},"loc":{"start":{"line":33,"column":52},"end":{"line":87,"column":1}},"line":33},"5":{"name":"(anonymous_5)","decl":{"start":{"line":35,"column":16},"end":{"line":35,"column":17}},"loc":{"start":{"line":35,"column":23},"end":{"line":50,"column":3}},"line":35}},"branchMap":{"0":{"loc":{"start":{"line":23,"column":4},"end":{"line":28,"column":5}},"type":"if","locations":[{"start":{"line":23,"column":4},"end":{"line":28,"column":5}},{"start":{"line":23,"column":4},"end":{"line":28,"column":5}}],"line":23},"1":{"loc":{"start":{"line":23,"column":8},"end":{"line":23,"column":27}},"type":"binary-expr","locations":[{"start":{"line":23,"column":8},"end":{"line":23,"column":12}},{"start":{"line":23,"column":16},"end":{"line":23,"column":27}}],"line":23},"2":{"loc":{"start":{"line":52,"column":2},"end":{"line":56,"column":3}},"type":"if","locations":[{"start":{"line":52,"column":2},"end":{"line":56,"column":3}},{"start":{"line":52,"column":2},"end":{"line":56,"column":3}}],"line":52},"3":{"loc":{"start":{"line":54,"column":9},"end":{"line":56,"column":3}},"type":"if","locations":[{"start":{"line":54,"column":9},"end":{"line":56,"column":3}},{"start":{"line":54,"column":9},"end":{"line":56,"column":3}}],"line":54}},"s":{"0":6,"1":12,"2":6,"3":6,"4":3,"5":12,"6":3,"7":12,"8":3,"9":14,"10":6,"11":14,"12":2,"13":12,"14":6,"15":6},"f":{"0":12,"1":6,"2":12,"3":12,"4":14,"5":6},"b":{"0":[3,3],"1":[6,4],"2":[2,12],"3":[6,6]},"_coverageSchema":"1a1c01bbd47fc00a2c39e90264f33305004495a9","hash":"f65e0df4dd803938a8791099a9eff9decf74e241"}
,"/Users/remiphilippot/Desktop/RemiPHILIPPOT_9_26032021-1/src/views/DashboardFormUI.js": {"path":"/Users/remiphilippot/Desktop/RemiPHILIPPOT_9_26032021-1/src/views/DashboardFormUI.js","statementMap":{"0":{"start":{"line":7,"column":21},"end":{"line":22,"column":4}},"1":{"start":{"line":7,"column":28},"end":{"line":22,"column":3}},"2":{"start":{"line":26,"column":2},"end":{"line":101,"column":4}}},"fnMap":{"0":{"name":"(anonymous_0)","decl":{"start":{"line":7,"column":21},"end":{"line":7,"column":22}},"loc":{"start":{"line":7,"column":28},"end":{"line":22,"column":3}},"line":7},"1":{"name":"(anonymous_1)","decl":{"start":{"line":24,"column":15},"end":{"line":24,"column":16}},"loc":{"start":{"line":24,"column":25},"end":{"line":102,"column":1}},"line":24}},"branchMap":{"0":{"loc":{"start":{"line":79,"column":9},"end":{"line":89,"column":9}},"type":"cond-expr","locations":[{"start":{"line":79,"column":38},"end":{"line":84,"column":8}},{"start":{"line":84,"column":13},"end":{"line":89,"column":8}}],"line":79},"1":{"loc":{"start":{"line":92,"column":8},"end":{"line":97,"column":13}},"type":"cond-expr","locations":[{"start":{"line":92,"column":37},"end":{"line":97,"column":7}},{"start":{"line":97,"column":11},"end":{"line":97,"column":13}}],"line":92}},"s":{"0":7,"1":8,"2":8},"f":{"0":8,"1":8},"b":{"0":[5,3],"1":[5,3]},"_coverageSchema":"1a1c01bbd47fc00a2c39e90264f33305004495a9","hash":"9aefedc70a2574df8658d5b2864004b5d39cd1d7"}
,"/Users/remiphilippot/Desktop/RemiPHILIPPOT_9_26032021-1/src/views/DashboardUI.js": {"path":"/Users/remiphilippot/Desktop/RemiPHILIPPOT_9_26032021-1/src/views/DashboardUI.js","statementMap":{"0":{"start":{"line":10,"column":2},"end":{"line":14,"column":3}},"1":{"start":{"line":11,"column":4},"end":{"line":11,"column":24}},"2":{"start":{"line":12,"column":9},"end":{"line":14,"column":3}},"3":{"start":{"line":13,"column":4},"end":{"line":13,"column":27}},"4":{"start":{"line":16,"column":2},"end":{"line":48,"column":3}}},"fnMap":{"0":{"name":"(anonymous_0)","decl":{"start":{"line":8,"column":15},"end":{"line":8,"column":16}},"loc":{"start":{"line":8,"column":45},"end":{"line":49,"column":1}},"line":8}},"branchMap":{"0":{"loc":{"start":{"line":10,"column":2},"end":{"line":14,"column":3}},"type":"if","locations":[{"start":{"line":10,"column":2},"end":{"line":14,"column":3}},{"start":{"line":10,"column":2},"end":{"line":14,"column":3}}],"line":10},"1":{"loc":{"start":{"line":12,"column":9},"end":{"line":14,"column":3}},"type":"if","locations":[{"start":{"line":12,"column":9},"end":{"line":14,"column":3}},{"start":{"line":12,"column":9},"end":{"line":14,"column":3}}],"line":12},"2":{"loc":{"start":{"line":22,"column":45},"end":{"line":22,"column":63}},"type":"binary-expr","locations":[{"start":{"line":22,"column":45},"end":{"line":22,"column":49}},{"start":{"line":22,"column":53},"end":{"line":22,"column":63}}],"line":22},"3":{"loc":{"start":{"line":29,"column":43},"end":{"line":29,"column":61}},"type":"binary-expr","locations":[{"start":{"line":29,"column":43},"end":{"line":29,"column":47}},{"start":{"line":29,"column":51},"end":{"line":29,"column":61}}],"line":29},"4":{"loc":{"start":{"line":36,"column":43},"end":{"line":36,"column":61}},"type":"binary-expr","locations":[{"start":{"line":36,"column":43},"end":{"line":36,"column":47}},{"start":{"line":36,"column":51},"end":{"line":36,"column":61}}],"line":36}},"s":{"0":11,"1":1,"2":10,"3":3,"4":7},"f":{"0":11},"b":{"0":[1,10],"1":[3,7],"2":[7,2],"3":[7,2],"4":[7,2]},"_coverageSchema":"1a1c01bbd47fc00a2c39e90264f33305004495a9","hash":"6153de68455d5376f4a4da2162eee05769514fc9"}
,"/Users/remiphilippot/Desktop/RemiPHILIPPOT_9_26032021-1/src/views/ErrorPage.js": {"path":"/Users/remiphilippot/Desktop/RemiPHILIPPOT_9_26032021-1/src/views/ErrorPage.js","statementMap":{"0":{"start":{"line":4,"column":2},"end":{"line":15,"column":3}}},"fnMap":{"0":{"name":"(anonymous_0)","decl":{"start":{"line":3,"column":15},"end":{"line":3,"column":16}},"loc":{"start":{"line":3,"column":26},"end":{"line":16,"column":1}},"line":3}},"branchMap":{"0":{"loc":{"start":{"line":12,"column":12},"end":{"line":12,"column":30}},"type":"cond-expr","locations":[{"start":{"line":12,"column":20},"end":{"line":12,"column":25}},{"start":{"line":12,"column":28},"end":{"line":12,"column":30}}],"line":12}},"s":{"0":11},"f":{"0":11},"b":{"0":[10,1]},"_coverageSchema":"1a1c01bbd47fc00a2c39e90264f33305004495a9","hash":"122d2073136b73339986a011b5bd0016090adfbf"}
,"/Users/remiphilippot/Desktop/RemiPHILIPPOT_9_26032021-1/src/views/LoadingPage.js": {"path":"/Users/remiphilippot/Desktop/RemiPHILIPPOT_9_26032021-1/src/views/LoadingPage.js","statementMap":{"0":{"start":{"line":5,"column":2},"end":{"line":12,"column":3}}},"fnMap":{"0":{"name":"(anonymous_0)","decl":{"start":{"line":3,"column":15},"end":{"line":3,"column":16}},"loc":{"start":{"line":3,"column":21},"end":{"line":13,"column":1}},"line":3}},"branchMap":{},"s":{"0":4},"f":{"0":4},"b":{},"_coverageSchema":"1a1c01bbd47fc00a2c39e90264f33305004495a9","hash":"3e22661326b3e1a67379fce38822afa6a3c9ccf2"}
,"/Users/remiphilippot/Desktop/RemiPHILIPPOT_9_26032021-1/src/views/LoginUI.js": {"path":"/Users/remiphilippot/Desktop/RemiPHILIPPOT_9_26032021-1/src/views/LoginUI.js","statementMap":{"0":{"start":{"line":4,"column":2},"end":{"line":46,"column":4}}},"fnMap":{"0":{"name":"(anonymous_0)","decl":{"start":{"line":2,"column":15},"end":{"line":2,"column":16}},"loc":{"start":{"line":2,"column":21},"end":{"line":47,"column":1}},"line":2}},"branchMap":{},"s":{"0":12},"f":{"0":12},"b":{},"_coverageSchema":"1a1c01bbd47fc00a2c39e90264f33305004495a9","hash":"8b21c19154d9b8fd7c388bbb753697883bf90d48"}
,"/Users/remiphilippot/Desktop/RemiPHILIPPOT_9_26032021-1/src/views/NewBillUI.js": {"path":"/Users/remiphilippot/Desktop/RemiPHILIPPOT_9_26032021-1/src/views/NewBillUI.js","statementMap":{"0":{"start":{"line":5,"column":2},"end":{"line":73,"column":4}}},"fnMap":{"0":{"name":"(anonymous_0)","decl":{"start":{"line":3,"column":15},"end":{"line":3,"column":16}},"loc":{"start":{"line":3,"column":21},"end":{"line":74,"column":1}},"line":3}},"branchMap":{},"s":{"0":8},"f":{"0":8},"b":{},"_coverageSchema":"1a1c01bbd47fc00a2c39e90264f33305004495a9","hash":"cb02f3a4587ffd1ccb5ebb92b8ab2465cd4a70d5"}
,"/Users/remiphilippot/Desktop/RemiPHILIPPOT_9_26032021-1/src/views/VerticalLayout.js": {"path":"/Users/remiphilippot/Desktop/RemiPHILIPPOT_9_26032021-1/src/views/VerticalLayout.js","statementMap":{"0":{"start":{"line":7,"column":4},"end":{"line":7,"column":51}},"1":{"start":{"line":8,"column":4},"end":{"line":10,"column":5}},"2":{"start":{"line":9,"column":6},"end":{"line":9,"column":29}},"3":{"start":{"line":11,"column":4},"end":{"line":39,"column":5}},"4":{"start":{"line":12,"column":6},"end":{"line":27,"column":7}},"5":{"start":{"line":29,"column":6},"end":{"line":38,"column":7}}},"fnMap":{"0":{"name":"(anonymous_0)","decl":{"start":{"line":5,"column":15},"end":{"line":5,"column":16}},"loc":{"start":{"line":5,"column":27},"end":{"line":40,"column":1}},"line":5}},"branchMap":{"0":{"loc":{"start":{"line":8,"column":4},"end":{"line":10,"column":5}},"type":"if","locations":[{"start":{"line":8,"column":4},"end":{"line":10,"column":5}},{"start":{"line":8,"column":4},"end":{"line":10,"column":5}}],"line":8},"1":{"loc":{"start":{"line":11,"column":4},"end":{"line":39,"column":5}},"type":"if","locations":[{"start":{"line":11,"column":4},"end":{"line":39,"column":5}},{"start":{"line":11,"column":4},"end":{"line":39,"column":5}}],"line":11},"2":{"loc":{"start":{"line":11,"column":8},"end":{"line":11,"column":40}},"type":"binary-expr","locations":[{"start":{"line":11,"column":8},"end":{"line":11,"column":12}},{"start":{"line":11,"column":16},"end":{"line":11,"column":40}}],"line":11}},"s":{"0":37,"1":37,"2":7,"3":37,"4":19,"5":18},"f":{"0":37},"b":{"0":[7,30],"1":[19,18],"2":[37,25]},"_coverageSchema":"1a1c01bbd47fc00a2c39e90264f33305004495a9","hash":"2ee372d15286b0bf7e58fbf045c6723c5f76dd6e"}
}
