TN:
SF:src/constants/routes.js
FN:13,(anonymous_0)
FNF:1
FNH:1
FNDA:22,(anonymous_0)
DA:6,6
DA:13,6
DA:14,22
DA:16,5
DA:18,7
DA:20,4
DA:22,5
DA:24,1
LF:8
LH:8
BRDA:14,0,0,5
BRDA:14,0,1,7
BRDA:14,0,2,4
BRDA:14,0,3,5
BRDA:14,0,4,1
BRF:5
BRH:5
end_of_record
TN:
SF:src/constants/usersTest.js
FNF:0
FNH:0
LF:0
LH:0
BRF:0
BRH:0
end_of_record
TN:
SF:src/containers/Bills.js
FN:6,(anonymous_0)
FN:13,(anonymous_1)
FN:14,(anonymous_2)
FN:19,(anonymous_3)
FN:23,(anonymous_4)
FNF:5
FNH:5
FNDA:4,(anonymous_0)
FNDA:8,(anonymous_1)
FNDA:1,(anonymous_2)
FNDA:2,(anonymous_3)
FNDA:2,(anonymous_4)
DA:7,4
DA:8,4
DA:9,4
DA:10,4
DA:11,4
DA:12,4
DA:13,4
DA:14,8
DA:16,4
DA:19,4
DA:20,2
DA:23,4
DA:24,2
DA:25,2
DA:26,2
DA:27,2
LF:16
LH:16
BRDA:11,0,0,2
BRDA:11,0,1,2
BRDA:13,1,0,4
BRDA:13,1,1,0
BRF:4
BRH:3
end_of_record
TN:
SF:src/containers/Dashboard.js
FN:8,(anonymous_0)
FN:10,(anonymous_1)
FN:28,(anonymous_2)
FN:53,(anonymous_3)
FN:54,(anonymous_4)
FN:57,(anonymous_5)
FN:69,(anonymous_6)
FN:73,(anonymous_7)
FN:74,(anonymous_8)
FN:75,(anonymous_9)
FN:80,(anonymous_10)
FN:92,(anonymous_11)
FN:96,(anonymous_12)
FN:113,(anonymous_13)
FN:114,(anonymous_14)
FN:117,(anonymous_15)
FN:127,(anonymous_16)
FN:137,(anonymous_17)
FN:152,(anonymous_18)
FN:153,(anonymous_19)
FN:161,(anonymous_20)
FN:166,(anonymous_21)
FN:168,(anonymous_22)
FN:181,(anonymous_23)
FN:186,(anonymous_24)
FNF:25
FNH:16
FNDA:27,(anonymous_0)
FNDA:24,(anonymous_1)
FNDA:8,(anonymous_2)
FNDA:5,(anonymous_3)
FNDA:8,(anonymous_4)
FNDA:3,(anonymous_5)
FNDA:5,(anonymous_6)
FNDA:0,(anonymous_7)
FNDA:0,(anonymous_8)
FNDA:0,(anonymous_9)
FNDA:1,(anonymous_10)
FNDA:2,(anonymous_11)
FNDA:4,(anonymous_12)
FNDA:0,(anonymous_13)
FNDA:0,(anonymous_14)
FNDA:1,(anonymous_15)
FNDA:1,(anonymous_16)
FNDA:4,(anonymous_17)
FNDA:16,(anonymous_18)
FNDA:0,(anonymous_19)
FNDA:5,(anonymous_20)
FNDA:0,(anonymous_21)
FNDA:0,(anonymous_22)
FNDA:2,(anonymous_23)
FNDA:0,(anonymous_24)
DA:8,6
DA:9,27
DA:14,24
DA:15,24
DA:18,0
DA:19,0
DA:24,24
DA:28,6
DA:29,8
DA:30,8
DA:32,8
DA:35,8
DA:53,6
DA:54,8
DA:57,6
DA:58,3
DA:60,1
DA:62,1
DA:64,1
DA:70,5
DA:71,5
DA:72,5
DA:73,5
DA:74,5
DA:75,5
DA:76,5
DA:77,5
DA:80,5
DA:81,1
DA:82,1
DA:83,1
DA:84,1
DA:87,0
DA:89,1
DA:93,2
DA:94,2
DA:95,2
DA:96,1
DA:97,4
DA:99,1
DA:100,1
DA:101,1
DA:102,1
DA:104,1
DA:106,1
DA:109,1
DA:110,1
DA:112,2
DA:113,2
DA:114,2
DA:117,5
DA:118,1
DA:123,1
DA:124,1
DA:127,5
DA:128,1
DA:133,1
DA:134,1
DA:138,4
DA:139,4
DA:140,4
DA:141,3
DA:142,3
DA:144,3
DA:146,1
DA:147,1
DA:149,1
DA:152,4
DA:153,16
DA:156,4
DA:161,5
DA:162,5
DA:163,0
DA:167,0
DA:168,0
DA:174,0
DA:181,5
DA:182,2
DA:183,0
DA:186,0
LF:80
LH:71
BRDA:9,0,0,6
BRDA:9,0,1,21
BRDA:9,1,0,27
BRDA:9,1,1,6
BRDA:14,2,0,24
BRDA:14,2,1,0
BRDA:20,3,0,0
BRDA:20,3,1,0
BRDA:30,4,0,0
BRDA:30,4,1,8
BRDA:32,5,0,0
BRDA:32,5,1,8
BRDA:54,6,0,4
BRDA:54,6,1,1
BRDA:54,7,0,5
BRDA:54,7,1,5
BRDA:58,8,0,1
BRDA:58,8,1,1
BRDA:58,8,2,1
BRDA:82,9,0,1
BRDA:82,9,1,0
BRDA:89,10,0,0
BRDA:89,10,1,1
BRDA:93,11,0,1
BRDA:93,11,1,1
BRDA:93,12,0,2
BRDA:93,12,1,1
BRDA:94,13,0,1
BRDA:94,13,1,1
BRDA:94,14,0,2
BRDA:94,14,1,1
BRDA:95,15,0,1
BRDA:95,15,1,1
BRDA:138,16,0,3
BRDA:138,16,1,1
BRDA:138,17,0,4
BRDA:138,17,1,3
BRDA:139,18,0,3
BRDA:139,18,1,1
BRDA:139,19,0,4
BRDA:139,19,1,3
BRDA:140,20,0,3
BRDA:140,20,1,1
BRDA:162,21,0,0
BRDA:162,21,1,5
BRDA:182,22,0,0
BRDA:182,22,1,2
BRF:47
BRH:38
end_of_record
TN:
SF:src/containers/Login.js
FN:7,(anonymous_0)
FN:18,(anonymous_1)
FN:29,(anonymous_2)
FN:31,(anonymous_3)
FN:40,(anonymous_4)
FN:51,(anonymous_5)
FN:53,(anonymous_6)
FNF:7
FNH:5
FNDA:2,(anonymous_0)
FNDA:2,(anonymous_1)
FNDA:0,(anonymous_2)
FNDA:2,(anonymous_3)
FNDA:2,(anonymous_4)
FNDA:0,(anonymous_5)
FNDA:2,(anonymous_6)
DA:3,3
DA:8,2
DA:9,2
DA:10,2
DA:11,2
DA:12,2
DA:13,2
DA:14,2
DA:15,2
DA:16,2
DA:18,2
DA:19,2
DA:20,2
DA:26,2
DA:27,2
DA:29,0
DA:32,2
DA:33,2
DA:34,2
DA:35,2
DA:40,2
DA:41,2
DA:42,2
DA:48,2
DA:49,2
DA:51,0
DA:54,2
DA:55,2
DA:56,2
DA:57,2
LF:30
LH:28
BRF:0
BRH:0
end_of_record
TN:
SF:src/containers/Logout.js
FN:4,(anonymous_0)
FN:11,(anonymous_1)
FNF:2
FNH:2
FNDA:15,(anonymous_0)
FNDA:2,(anonymous_1)
DA:5,15
DA:6,15
DA:7,15
DA:8,15
DA:11,15
DA:12,2
DA:13,2
LF:7
LH:7
BRF:0
BRH:0
end_of_record
TN:
SF:src/containers/NewBill.js
FN:5,(anonymous_0)
FN:18,(anonymous_1)
FN:42,(anonymous_2)
FN:46,(anonymous_3)
FN:53,(anonymous_4)
FNF:5
FNH:3
FNDA:5,(anonymous_0)
FNDA:3,(anonymous_1)
FNDA:0,(anonymous_2)
FNDA:0,(anonymous_3)
FNDA:1,(anonymous_4)
DA:6,5
DA:7,5
DA:8,5
DA:9,5
DA:10,5
DA:11,5
DA:12,5
DA:13,5
DA:14,5
DA:15,5
DA:16,5
DA:18,5
DA:19,3
DA:20,3
DA:21,3
DA:22,3
DA:23,3
DA:25,3
DA:28,3
DA:29,3
DA:30,3
DA:31,3
DA:32,3
DA:34,0
DA:43,0
DA:44,0
DA:45,0
DA:46,0
DA:48,3
DA:53,5
DA:54,1
DA:56,1
DA:57,1
DA:70,1
DA:71,1
LF:35
LH:30
BRDA:32,0,0,0
BRDA:32,0,1,3
BRDA:64,1,0,1
BRDA:64,1,1,0
BRF:4
BRH:2
end_of_record
TN:
SF:src/views/Actions.js
FN:4,(anonymous_0)
FNF:1
FNH:1
FNDA:14,(anonymous_0)
DA:5,14
LF:1
LH:1
BRF:0
BRH:0
end_of_record
TN:
SF:src/views/BillsUI.js
FN:7,(anonymous_0)
FN:22,(anonymous_1)
FN:24,(anonymous_2)
FN:27,(anonymous_3)
FN:33,(anonymous_4)
FN:35,(anonymous_5)
FNF:6
FNH:6
FNDA:12,(anonymous_0)
FNDA:6,(anonymous_1)
FNDA:12,(anonymous_2)
FNDA:12,(anonymous_3)
FNDA:14,(anonymous_4)
FNDA:6,(anonymous_5)
DA:7,6
DA:8,12
DA:22,6
DA:23,6
DA:24,3
DA:25,12
DA:27,12
DA:29,3
DA:35,14
DA:52,14
DA:53,2
DA:54,12
DA:55,6
DA:58,6
LF:14
LH:14
BRDA:23,0,0,3
BRDA:23,0,1,3
BRDA:23,1,0,6
BRDA:23,1,1,4
BRDA:52,2,0,2
BRDA:52,2,1,12
BRDA:54,3,0,6
BRDA:54,3,1,6
BRF:8
BRH:8
end_of_record
TN:
SF:src/views/DashboardFormUI.js
FN:7,(anonymous_0)
FN:24,(anonymous_1)
FNF:2
FNH:2
FNDA:8,(anonymous_0)
FNDA:8,(anonymous_1)
DA:7,8
DA:26,8
LF:2
LH:2
BRDA:79,0,0,5
BRDA:79,0,1,3
BRDA:92,1,0,5
BRDA:92,1,1,3
BRF:4
BRH:4
end_of_record
TN:
SF:src/views/DashboardUI.js
FN:8,(anonymous_0)
FNF:1
FNH:1
FNDA:11,(anonymous_0)
DA:10,11
DA:11,1
DA:12,10
DA:13,3
DA:16,7
LF:5
LH:5
BRDA:10,0,0,1
BRDA:10,0,1,10
BRDA:12,1,0,3
BRDA:12,1,1,7
BRDA:22,2,0,7
BRDA:22,2,1,2
BRDA:29,3,0,7
BRDA:29,3,1,2
BRDA:36,4,0,7
BRDA:36,4,1,2
BRF:10
BRH:10
end_of_record
TN:
SF:src/views/ErrorPage.js
FN:3,(anonymous_0)
FNF:1
FNH:1
FNDA:11,(anonymous_0)
DA:4,11
LF:1
LH:1
BRDA:12,0,0,10
BRDA:12,0,1,1
BRF:2
BRH:2
end_of_record
TN:
SF:src/views/LoadingPage.js
FN:3,(anonymous_0)
FNF:1
FNH:1
FNDA:4,(anonymous_0)
DA:5,4
LF:1
LH:1
BRF:0
BRH:0
end_of_record
TN:
SF:src/views/LoginUI.js
FN:2,(anonymous_0)
FNF:1
FNH:1
FNDA:12,(anonymous_0)
DA:4,12
LF:1
LH:1
BRF:0
BRH:0
end_of_record
TN:
SF:src/views/NewBillUI.js
FN:3,(anonymous_0)
FNF:1
FNH:1
FNDA:8,(anonymous_0)
DA:5,8
LF:1
LH:1
BRF:0
BRH:0
end_of_record
TN:
SF:src/views/VerticalLayout.js
FN:5,(anonymous_0)
FNF:1
FNH:1
FNDA:37,(anonymous_0)
DA:7,37
DA:8,37
DA:9,7
DA:11,37
DA:12,19
DA:29,18
LF:6
LH:6
BRDA:8,0,0,7
BRDA:8,0,1,30
BRDA:11,1,0,19
BRDA:11,1,1,18
BRDA:11,2,0,37
BRDA:11,2,1,25
BRF:6
BRH:6
end_of_record
